<?xml version="1.0" encoding="UTF-8"?>
<!-- Generated by org.testng.reporters.JUnitReportReporter -->
<testsuite hostname="Shumis-Air.fios-router.home" failures="0" tests="4" name="pageTest.HomePageTest" time="13.814" errors="0" timestamp="2023-03-16T22:45:21 EDT" skipped="3">
  <testcase classname="pageTest.HomePageTest" name="clickLogoTest" time="13.814"/>
  <system-out/>
  <testcase classname="pageTest.HomePageTest" name="clickLoginButtonTest">
    <skipped/>
  </testcase> <!-- clickLoginButtonTest -->
  <system-out/>
  <testcase classname="pageTest.HomePageTest" name="clickSearchButtonTest">
    <skipped/>
  </testcase> <!-- clickSearchButtonTest -->
  <system-out/>
  <testcase classname="pageTest.HomePageTest" name="clicktrackingIDTest">
    <skipped/>
  </testcase> <!-- clicktrackingIDTest -->
  <system-out/>
</testsuite> <!-- pageTest.HomePageTest -->
